2012-08-22 18:52:03.9643|INFO|MvcBloggy.API.Tracers.NLogTracer|GET http://localhost:32729/api/blogposts: Category=System.Web.Http.MessageHandlers, Level=Info Begin RemoveServerHeaderMessageHandler SendAsync 
2012-08-22 18:52:03.9763|INFO|MvcBloggy.API.Tracers.NLogTracer|GET http://localhost:32729/api/blogposts: Category=System.Web.Http.Request, Level=Info Begin   http://localhost:32729/api/blogposts
2012-08-22 18:52:03.9763|INFO|MvcBloggy.API.Tracers.NLogTracer|GET http://localhost:32729/api/blogposts: Category=System.Web.Http.Controllers, Level=Info Begin DefaultHttpControllerSelector SelectController Route='controller:blogposts'
2012-08-22 18:52:04.0175|INFO|MvcBloggy.API.Tracers.NLogTracer|GET http://localhost:32729/api/blogposts: Category=System.Web.Http.Controllers, Level=Info End DefaultHttpControllerSelector SelectController BlogPosts
2012-08-22 18:52:04.0175|INFO|MvcBloggy.API.Tracers.NLogTracer|GET http://localhost:32729/api/blogposts: Category=System.Web.Http.Controllers, Level=Info Begin HttpControllerDescriptor CreateController 
2012-08-22 18:52:04.0218|INFO|MvcBloggy.API.Tracers.NLogTracer|GET http://localhost:32729/api/blogposts: Category=System.Web.Http.Controllers, Level=Info Begin DefaultHttpControllerActivator Create 
2012-08-22 18:52:04.0633|INFO|MvcBloggy.API.Tracers.NLogTracer|GET http://localhost:32729/api/blogposts: Category=System.Web.Http.Controllers, Level=Info End DefaultHttpControllerActivator Create MvcBloggy.API.Controllers.BlogPostsController
2012-08-22 18:52:04.0633|INFO|MvcBloggy.API.Tracers.NLogTracer|GET http://localhost:32729/api/blogposts: Category=System.Web.Http.Controllers, Level=Info End HttpControllerDescriptor CreateController MvcBloggy.API.Controllers.BlogPostsController
2012-08-22 18:52:04.0683|INFO|MvcBloggy.API.Tracers.NLogTracer|GET http://localhost:32729/api/blogposts: Category=System.Web.Http.Controllers, Level=Info Begin BlogPostsController ExecuteAsync 
2012-08-22 18:52:04.0683|INFO|MvcBloggy.API.Tracers.NLogTracer|GET http://localhost:32729/api/blogposts: Category=System.Web.Http.Action, Level=Info Begin ApiControllerActionSelector SelectAction 
2012-08-22 18:52:04.0933|INFO|MvcBloggy.API.Tracers.NLogTracer|GET http://localhost:32729/api/blogposts: Category=System.Web.Http.Action, Level=Info End ApiControllerActionSelector SelectAction Selected action 'GetBlogPosts()'
2012-08-22 18:52:04.1103|INFO|MvcBloggy.API.Tracers.NLogTracer|GET http://localhost:32729/api/blogposts: Category=System.Web.Http.ModelBinding, Level=Info Begin HttpActionBinding ExecuteBindingAsync 
2012-08-22 18:52:04.1203|INFO|MvcBloggy.API.Tracers.NLogTracer|GET http://localhost:32729/api/blogposts: Category=System.Web.Http.ModelBinding, Level=Info End HttpActionBinding ExecuteBindingAsync 
2012-08-22 18:52:04.1303|INFO|MvcBloggy.API.Tracers.NLogTracer|GET http://localhost:32729/api/blogposts: Category=System.Web.Http.Action, Level=Info Begin ApiControllerActionInvoker InvokeActionAsync Action='GetBlogPosts()'
2012-08-22 18:52:04.1303|INFO|MvcBloggy.API.Tracers.NLogTracer|GET http://localhost:32729/api/blogposts: Category=System.Web.Http.Action, Level=Info Begin ReflectedHttpActionDescriptor ExecuteAsync Invoking action 'GetBlogPosts()'
2012-08-22 18:52:04.2624|INFO|MvcBloggy.API.Tracers.NLogTracer|GET http://localhost:32729/api/blogposts: Category=System.Web.Http.Action, Level=Info End ReflectedHttpActionDescriptor ExecuteAsync Action returned 'System.Linq.Enumerable+WhereSelectListIterator`2[MvcBloggy.Domain.Entities.BlogPost,MvcBloggy.API.Dtos.BlogPostDto]'
2012-08-22 18:52:04.2624|INFO|MvcBloggy.API.Tracers.NLogTracer|GET http://localhost:32729/api/blogposts: Category=System.Net.Http.Formatting, Level=Info Begin DefaultContentNegotiator Negotiate Type='IEnumerable`1', formatters=[JsonMediaTypeFormatterTracer, FormUrlEncodedMediaTypeFormatterTracer]
2012-08-22 18:52:04.2724|INFO|MvcBloggy.API.Tracers.NLogTracer|GET http://localhost:32729/api/blogposts: Category=System.Net.Http.Formatting, Level=Info Begin JsonMediaTypeFormatter GetPerRequestFormatterInstance Obtaining formatter of type 'JsonMediaTypeFormatter' for type='IEnumerable`1', mediaType='application/json; charset=utf-8'
2012-08-22 18:52:04.2864|INFO|MvcBloggy.API.Tracers.NLogTracer|GET http://localhost:32729/api/blogposts: Category=System.Net.Http.Formatting, Level=Info End JsonMediaTypeFormatter GetPerRequestFormatterInstance Will use same 'JsonMediaTypeFormatter' formatter
2012-08-22 18:52:04.2864|INFO|MvcBloggy.API.Tracers.NLogTracer|GET http://localhost:32729/api/blogposts: Category=System.Net.Http.Formatting, Level=Info End DefaultContentNegotiator Negotiate Selected formatter='JsonMediaTypeFormatter', content-type='application/json; charset=utf-8'
2012-08-22 18:52:04.2864|INFO|MvcBloggy.API.Tracers.NLogTracer|GET http://localhost:32729/api/blogposts: Category=System.Web.Http.Action, Level=Info End ApiControllerActionInvoker InvokeActionAsync 
2012-08-22 18:52:04.2864|INFO|MvcBloggy.API.Tracers.NLogTracer|GET http://localhost:32729/api/blogposts: Category=System.Web.Http.Controllers, Level=Info End BlogPostsController ExecuteAsync 
2012-08-22 18:52:04.2864|INFO|MvcBloggy.API.Tracers.NLogTracer|GET http://localhost:32729/api/blogposts: Category=System.Web.Http.Request, Level=Info End   Content-type='application/json; charset=utf-8', content-length=unknown
2012-08-22 18:52:04.2864|INFO|MvcBloggy.API.Tracers.NLogTracer|GET http://localhost:32729/api/blogposts: Category=System.Web.Http.MessageHandlers, Level=Info End RemoveServerHeaderMessageHandler SendAsync 
2012-08-22 18:52:04.3237|INFO|MvcBloggy.API.Tracers.NLogTracer|GET http://localhost:32729/api/blogposts: Category=System.Net.Http.Formatting, Level=Info Begin JsonMediaTypeFormatter WriteToStreamAsync Value='System.Linq.Enumerable+WhereSelectListIterator`2[MvcBloggy.Domain.Entities.BlogPost,MvcBloggy.API.Dtos.BlogPostDto]', type='IEnumerable`1', content-type='application/json; charset=utf-8'
2012-08-22 18:52:04.4187|INFO|MvcBloggy.API.Tracers.NLogTracer|GET http://localhost:32729/api/blogposts: Category=System.Net.Http.Formatting, Level=Info End JsonMediaTypeFormatter WriteToStreamAsync 
2012-08-22 18:52:04.4187|INFO|MvcBloggy.API.Tracers.NLogTracer|GET http://localhost:32729/api/blogposts: Category=System.Web.Http.Controllers, Level=Info Begin BlogPostsController Dispose 
2012-08-22 18:52:04.4187|INFO|MvcBloggy.API.Tracers.NLogTracer|GET http://localhost:32729/api/blogposts: Category=System.Web.Http.Controllers, Level=Info End BlogPostsController Dispose 
2012-08-22 18:54:35.2280|INFO|MvcBloggy.API.Tracers.NLogTracer|GET http://localhost:32729/api/blogposts: Category=System.Web.Http.MessageHandlers, Level=Info Begin RemoveServerHeaderMessageHandler SendAsync 
2012-08-22 18:54:35.2280|INFO|MvcBloggy.API.Tracers.NLogTracer|GET http://localhost:32729/api/blogposts: Category=System.Web.Http.Request, Level=Info Begin   http://localhost:32729/api/blogposts
2012-08-22 18:54:35.2280|INFO|MvcBloggy.API.Tracers.NLogTracer|GET http://localhost:32729/api/blogposts: Category=System.Web.Http.Controllers, Level=Info Begin DefaultHttpControllerSelector SelectController Route='controller:blogposts'
2012-08-22 18:54:35.2280|INFO|MvcBloggy.API.Tracers.NLogTracer|GET http://localhost:32729/api/blogposts: Category=System.Web.Http.Controllers, Level=Info End DefaultHttpControllerSelector SelectController BlogPosts
2012-08-22 18:54:35.2280|INFO|MvcBloggy.API.Tracers.NLogTracer|GET http://localhost:32729/api/blogposts: Category=System.Web.Http.Controllers, Level=Info Begin HttpControllerDescriptor CreateController 
2012-08-22 18:54:35.2280|INFO|MvcBloggy.API.Tracers.NLogTracer|GET http://localhost:32729/api/blogposts: Category=System.Web.Http.Controllers, Level=Info Begin DefaultHttpControllerActivator Create 
2012-08-22 18:54:35.2410|INFO|MvcBloggy.API.Tracers.NLogTracer|GET http://localhost:32729/api/blogposts: Category=System.Web.Http.Controllers, Level=Info End DefaultHttpControllerActivator Create MvcBloggy.API.Controllers.BlogPostsController
2012-08-22 18:54:35.2410|INFO|MvcBloggy.API.Tracers.NLogTracer|GET http://localhost:32729/api/blogposts: Category=System.Web.Http.Controllers, Level=Info End HttpControllerDescriptor CreateController MvcBloggy.API.Controllers.BlogPostsController
2012-08-22 18:54:35.2410|INFO|MvcBloggy.API.Tracers.NLogTracer|GET http://localhost:32729/api/blogposts: Category=System.Web.Http.Controllers, Level=Info Begin BlogPostsController ExecuteAsync 
2012-08-22 18:54:35.2410|INFO|MvcBloggy.API.Tracers.NLogTracer|GET http://localhost:32729/api/blogposts: Category=System.Web.Http.Action, Level=Info Begin ApiControllerActionSelector SelectAction 
2012-08-22 18:54:35.2410|INFO|MvcBloggy.API.Tracers.NLogTracer|GET http://localhost:32729/api/blogposts: Category=System.Web.Http.Action, Level=Info End ApiControllerActionSelector SelectAction Selected action 'GetBlogPosts()'
2012-08-22 18:54:35.2410|INFO|MvcBloggy.API.Tracers.NLogTracer|GET http://localhost:32729/api/blogposts: Category=System.Web.Http.ModelBinding, Level=Info Begin HttpActionBinding ExecuteBindingAsync 
2012-08-22 18:54:35.2410|INFO|MvcBloggy.API.Tracers.NLogTracer|GET http://localhost:32729/api/blogposts: Category=System.Web.Http.ModelBinding, Level=Info End HttpActionBinding ExecuteBindingAsync 
2012-08-22 18:54:35.2410|INFO|MvcBloggy.API.Tracers.NLogTracer|GET http://localhost:32729/api/blogposts: Category=System.Web.Http.Action, Level=Info Begin ApiControllerActionInvoker InvokeActionAsync Action='GetBlogPosts()'
2012-08-22 18:54:35.2560|INFO|MvcBloggy.API.Tracers.NLogTracer|GET http://localhost:32729/api/blogposts: Category=System.Web.Http.Action, Level=Info Begin ReflectedHttpActionDescriptor ExecuteAsync Invoking action 'GetBlogPosts()'
2012-08-22 18:54:35.2560|INFO|MvcBloggy.API.Tracers.NLogTracer|GET http://localhost:32729/api/blogposts: Category=System.Web.Http.Action, Level=Info End ReflectedHttpActionDescriptor ExecuteAsync Action returned 'System.Linq.Enumerable+WhereSelectListIterator`2[MvcBloggy.Domain.Entities.BlogPost,MvcBloggy.API.Dtos.BlogPostDto]'
2012-08-22 18:54:35.2560|INFO|MvcBloggy.API.Tracers.NLogTracer|GET http://localhost:32729/api/blogposts: Category=System.Net.Http.Formatting, Level=Info Begin DefaultContentNegotiator Negotiate Type='IEnumerable`1', formatters=[JsonMediaTypeFormatterTracer, FormUrlEncodedMediaTypeFormatterTracer]
2012-08-22 18:54:35.2560|INFO|MvcBloggy.API.Tracers.NLogTracer|GET http://localhost:32729/api/blogposts: Category=System.Net.Http.Formatting, Level=Info Begin JsonMediaTypeFormatter GetPerRequestFormatterInstance Obtaining formatter of type 'JsonMediaTypeFormatter' for type='IEnumerable`1', mediaType='application/json; charset=utf-8'
2012-08-22 18:54:35.2560|INFO|MvcBloggy.API.Tracers.NLogTracer|GET http://localhost:32729/api/blogposts: Category=System.Net.Http.Formatting, Level=Info End JsonMediaTypeFormatter GetPerRequestFormatterInstance Will use same 'JsonMediaTypeFormatter' formatter
2012-08-22 18:54:35.2560|INFO|MvcBloggy.API.Tracers.NLogTracer|GET http://localhost:32729/api/blogposts: Category=System.Net.Http.Formatting, Level=Info End DefaultContentNegotiator Negotiate Selected formatter='JsonMediaTypeFormatter', content-type='application/json; charset=utf-8'
2012-08-22 18:54:35.2560|INFO|MvcBloggy.API.Tracers.NLogTracer|GET http://localhost:32729/api/blogposts: Category=System.Web.Http.Action, Level=Info End ApiControllerActionInvoker InvokeActionAsync 
2012-08-22 18:54:35.2714|INFO|MvcBloggy.API.Tracers.NLogTracer|GET http://localhost:32729/api/blogposts: Category=System.Web.Http.Controllers, Level=Info End BlogPostsController ExecuteAsync 
2012-08-22 18:54:35.2714|INFO|MvcBloggy.API.Tracers.NLogTracer|GET http://localhost:32729/api/blogposts: Category=System.Web.Http.Request, Level=Info End   Content-type='application/json; charset=utf-8', content-length=unknown
2012-08-22 18:54:35.2714|INFO|MvcBloggy.API.Tracers.NLogTracer|GET http://localhost:32729/api/blogposts: Category=System.Web.Http.MessageHandlers, Level=Info End RemoveServerHeaderMessageHandler SendAsync 
2012-08-22 18:54:35.2714|INFO|MvcBloggy.API.Tracers.NLogTracer|GET http://localhost:32729/api/blogposts: Category=System.Net.Http.Formatting, Level=Info Begin JsonMediaTypeFormatter WriteToStreamAsync Value='System.Linq.Enumerable+WhereSelectListIterator`2[MvcBloggy.Domain.Entities.BlogPost,MvcBloggy.API.Dtos.BlogPostDto]', type='IEnumerable`1', content-type='application/json; charset=utf-8'
2012-08-22 18:54:35.2714|INFO|MvcBloggy.API.Tracers.NLogTracer|GET http://localhost:32729/api/blogposts: Category=System.Net.Http.Formatting, Level=Info End JsonMediaTypeFormatter WriteToStreamAsync 
2012-08-22 18:54:35.2714|INFO|MvcBloggy.API.Tracers.NLogTracer|GET http://localhost:32729/api/blogposts: Category=System.Web.Http.Controllers, Level=Info Begin BlogPostsController Dispose 
2012-08-22 18:54:35.2714|INFO|MvcBloggy.API.Tracers.NLogTracer|GET http://localhost:32729/api/blogposts: Category=System.Web.Http.Controllers, Level=Info End BlogPostsController Dispose 
2012-08-22 18:56:58.7969|INFO|MvcBloggy.API.Tracers.NLogTracer|GET http://localhost:32729/api/blogposts: Category=System.Web.Http.MessageHandlers, Level=Info Begin RemoveServerHeaderMessageHandler SendAsync 
2012-08-22 18:56:58.8059|INFO|MvcBloggy.API.Tracers.NLogTracer|GET http://localhost:32729/api/blogposts: Category=System.Web.Http.Request, Level=Info Begin   http://localhost:32729/api/blogposts
2012-08-22 18:56:58.8239|INFO|MvcBloggy.API.Tracers.NLogTracer|GET http://localhost:32729/api/blogposts: Category=System.Web.Http.Controllers, Level=Info Begin DefaultHttpControllerSelector SelectController Route='controller:blogposts'
2012-08-22 18:56:58.8540|INFO|MvcBloggy.API.Tracers.NLogTracer|GET http://localhost:32729/api/blogposts: Category=System.Web.Http.Controllers, Level=Info End DefaultHttpControllerSelector SelectController BlogPosts
2012-08-22 18:56:58.8540|INFO|MvcBloggy.API.Tracers.NLogTracer|GET http://localhost:32729/api/blogposts: Category=System.Web.Http.Controllers, Level=Info Begin HttpControllerDescriptor CreateController 
2012-08-22 18:56:58.8540|INFO|MvcBloggy.API.Tracers.NLogTracer|GET http://localhost:32729/api/blogposts: Category=System.Web.Http.Controllers, Level=Info Begin DefaultHttpControllerActivator Create 
2012-08-22 18:56:58.9080|INFO|MvcBloggy.API.Tracers.NLogTracer|GET http://localhost:32729/api/blogposts: Category=System.Web.Http.Controllers, Level=Info End DefaultHttpControllerActivator Create MvcBloggy.API.Controllers.BlogPostsController
2012-08-22 18:56:58.9080|INFO|MvcBloggy.API.Tracers.NLogTracer|GET http://localhost:32729/api/blogposts: Category=System.Web.Http.Controllers, Level=Info End HttpControllerDescriptor CreateController MvcBloggy.API.Controllers.BlogPostsController
2012-08-22 18:56:58.9120|INFO|MvcBloggy.API.Tracers.NLogTracer|GET http://localhost:32729/api/blogposts: Category=System.Web.Http.Controllers, Level=Info Begin BlogPostsController ExecuteAsync 
2012-08-22 18:56:58.9120|INFO|MvcBloggy.API.Tracers.NLogTracer|GET http://localhost:32729/api/blogposts: Category=System.Web.Http.Action, Level=Info Begin ApiControllerActionSelector SelectAction 
2012-08-22 18:56:58.9400|INFO|MvcBloggy.API.Tracers.NLogTracer|GET http://localhost:32729/api/blogposts: Category=System.Web.Http.Action, Level=Info End ApiControllerActionSelector SelectAction Selected action 'GetBlogPosts()'
2012-08-22 18:56:58.9570|INFO|MvcBloggy.API.Tracers.NLogTracer|GET http://localhost:32729/api/blogposts: Category=System.Web.Http.ModelBinding, Level=Info Begin HttpActionBinding ExecuteBindingAsync 
2012-08-22 18:56:58.9590|INFO|MvcBloggy.API.Tracers.NLogTracer|GET http://localhost:32729/api/blogposts: Category=System.Web.Http.ModelBinding, Level=Info End HttpActionBinding ExecuteBindingAsync 
2012-08-22 18:56:58.9781|INFO|MvcBloggy.API.Tracers.NLogTracer|GET http://localhost:32729/api/blogposts: Category=System.Web.Http.Action, Level=Info Begin ApiControllerActionInvoker InvokeActionAsync Action='GetBlogPosts()'
2012-08-22 18:56:58.9781|INFO|MvcBloggy.API.Tracers.NLogTracer|GET http://localhost:32729/api/blogposts: Category=System.Web.Http.Action, Level=Info Begin ReflectedHttpActionDescriptor ExecuteAsync Invoking action 'GetBlogPosts()'
2012-08-22 18:56:58.9961|ERROR|MvcBloggy.API.Tracers.NLogTracer|GET http://localhost:32729/api/blogposts: Category=System.Web.Http.Action, Level=Error End ReflectedHttpActionDescriptor ExecuteAsync foo
2012-08-22 18:56:58.9961|ERROR|MvcBloggy.API.Tracers.NLogTracer|GET http://localhost:32729/api/blogposts: Category=System.Web.Http.Action, Level=Error End ApiControllerActionInvoker InvokeActionAsync foo
2012-08-22 18:56:59.0061|ERROR|MvcBloggy.API.Tracers.NLogTracer|GET http://localhost:32729/api/blogposts: Category=System.Web.Http.Controllers, Level=Error End BlogPostsController ExecuteAsync foo
2012-08-22 18:56:59.0061|INFO|MvcBloggy.API.Tracers.NLogTracer|GET http://localhost:32729/api/blogposts: Category=System.Net.Http.Formatting, Level=Info Begin DefaultContentNegotiator Negotiate Type='HttpError', formatters=[JsonMediaTypeFormatterTracer, FormUrlEncodedMediaTypeFormatterTracer]
2012-08-22 18:56:59.0309|INFO|MvcBloggy.API.Tracers.NLogTracer|GET http://localhost:32729/api/blogposts: Category=System.Net.Http.Formatting, Level=Info Begin JsonMediaTypeFormatter GetPerRequestFormatterInstance Obtaining formatter of type 'JsonMediaTypeFormatter' for type='HttpError', mediaType='application/json; charset=utf-8'
2012-08-22 18:56:59.0309|INFO|MvcBloggy.API.Tracers.NLogTracer|GET http://localhost:32729/api/blogposts: Category=System.Net.Http.Formatting, Level=Info End JsonMediaTypeFormatter GetPerRequestFormatterInstance Will use same 'JsonMediaTypeFormatter' formatter
2012-08-22 18:56:59.0365|INFO|MvcBloggy.API.Tracers.NLogTracer|GET http://localhost:32729/api/blogposts: Category=System.Net.Http.Formatting, Level=Info End DefaultContentNegotiator Negotiate Selected formatter='JsonMediaTypeFormatter', content-type='application/json; charset=utf-8'
2012-08-22 18:56:59.0365|INFO|MvcBloggy.API.Tracers.NLogTracer|GET http://localhost:32729/api/blogposts: Category=System.Web.Http.Request, Level=Info End   Content-type='application/json; charset=utf-8', content-length=unknown
2012-08-22 18:56:59.0365|INFO|MvcBloggy.API.Tracers.NLogTracer|GET http://localhost:32729/api/blogposts: Category=System.Web.Http.MessageHandlers, Level=Info End RemoveServerHeaderMessageHandler SendAsync 
2012-08-22 18:56:59.0655|INFO|MvcBloggy.API.Tracers.NLogTracer|GET http://localhost:32729/api/blogposts: Category=System.Net.Http.Formatting, Level=Info Begin JsonMediaTypeFormatter WriteToStreamAsync Value='System.Web.Http.HttpError', type='HttpError', content-type='application/json; charset=utf-8'
2012-08-22 18:56:59.1395|INFO|MvcBloggy.API.Tracers.NLogTracer|GET http://localhost:32729/api/blogposts: Category=System.Net.Http.Formatting, Level=Info End JsonMediaTypeFormatter WriteToStreamAsync 
2012-08-22 18:56:59.1395|INFO|MvcBloggy.API.Tracers.NLogTracer|GET http://localhost:32729/api/blogposts: Category=System.Web.Http.Controllers, Level=Info Begin BlogPostsController Dispose 
2012-08-22 18:56:59.1465|INFO|MvcBloggy.API.Tracers.NLogTracer|GET http://localhost:32729/api/blogposts: Category=System.Web.Http.Controllers, Level=Info End BlogPostsController Dispose 
2012-08-22 19:01:14.3757|INFO|MvcBloggy.API.Tracers.NLogTracer|GET http://localhost:32729/api/blogposts: Category=System.Web.Http.MessageHandlers, Level=Info Begin RemoveServerHeaderMessageHandler SendAsync 
2012-08-22 19:01:14.3827|INFO|MvcBloggy.API.Tracers.NLogTracer|GET http://localhost:32729/api/blogposts: Category=System.Web.Http.Request, Level=Info Begin   http://localhost:32729/api/blogposts
2012-08-22 19:01:14.3977|INFO|MvcBloggy.API.Tracers.NLogTracer|GET http://localhost:32729/api/blogposts: Category=System.Web.Http.Controllers, Level=Info Begin DefaultHttpControllerSelector SelectController Route='controller:blogposts'
2012-08-22 19:01:14.4227|INFO|MvcBloggy.API.Tracers.NLogTracer|GET http://localhost:32729/api/blogposts: Category=System.Web.Http.Controllers, Level=Info End DefaultHttpControllerSelector SelectController BlogPosts
2012-08-22 19:01:14.4227|INFO|MvcBloggy.API.Tracers.NLogTracer|GET http://localhost:32729/api/blogposts: Category=System.Web.Http.Controllers, Level=Info Begin HttpControllerDescriptor CreateController 
2012-08-22 19:01:14.4277|INFO|MvcBloggy.API.Tracers.NLogTracer|GET http://localhost:32729/api/blogposts: Category=System.Web.Http.Controllers, Level=Info Begin DefaultHttpControllerActivator Create 
2012-08-22 19:01:14.4697|INFO|MvcBloggy.API.Tracers.NLogTracer|GET http://localhost:32729/api/blogposts: Category=System.Web.Http.Controllers, Level=Info End DefaultHttpControllerActivator Create MvcBloggy.API.Controllers.BlogPostsController
2012-08-22 19:01:14.4697|INFO|MvcBloggy.API.Tracers.NLogTracer|GET http://localhost:32729/api/blogposts: Category=System.Web.Http.Controllers, Level=Info End HttpControllerDescriptor CreateController MvcBloggy.API.Controllers.BlogPostsController
2012-08-22 19:01:14.4758|INFO|MvcBloggy.API.Tracers.NLogTracer|GET http://localhost:32729/api/blogposts: Category=System.Web.Http.Controllers, Level=Info Begin BlogPostsController ExecuteAsync 
2012-08-22 19:01:14.4758|INFO|MvcBloggy.API.Tracers.NLogTracer|GET http://localhost:32729/api/blogposts: Category=System.Web.Http.Action, Level=Info Begin ApiControllerActionSelector SelectAction 
2012-08-22 19:01:14.5018|INFO|MvcBloggy.API.Tracers.NLogTracer|GET http://localhost:32729/api/blogposts: Category=System.Web.Http.Action, Level=Info End ApiControllerActionSelector SelectAction Selected action 'GetBlogPosts()'
2012-08-22 19:01:14.5188|INFO|MvcBloggy.API.Tracers.NLogTracer|GET http://localhost:32729/api/blogposts: Category=System.Web.Http.ModelBinding, Level=Info Begin HttpActionBinding ExecuteBindingAsync 
2012-08-22 19:01:14.5208|INFO|MvcBloggy.API.Tracers.NLogTracer|GET http://localhost:32729/api/blogposts: Category=System.Web.Http.ModelBinding, Level=Info End HttpActionBinding ExecuteBindingAsync 
2012-08-22 19:01:14.5398|INFO|MvcBloggy.API.Tracers.NLogTracer|GET http://localhost:32729/api/blogposts: Category=System.Web.Http.Action, Level=Info Begin ApiControllerActionInvoker InvokeActionAsync Action='GetBlogPosts()'
2012-08-22 19:01:14.5398|INFO|MvcBloggy.API.Tracers.NLogTracer|GET http://localhost:32729/api/blogposts: Category=System.Web.Http.Action, Level=Info Begin ReflectedHttpActionDescriptor ExecuteAsync Invoking action 'GetBlogPosts()'
2012-08-22 19:01:14.5582|ERROR|MvcBloggy.API.Tracers.NLogTracer|GET http://localhost:32729/api/blogposts: Category=System.Web.Http.Action, Level=Error End ReflectedHttpActionDescriptor ExecuteAsync System.ArgumentException: foo
2012-08-22 19:01:14.5582|ERROR|MvcBloggy.API.Tracers.NLogTracer|GET http://localhost:32729/api/blogposts: Category=System.Web.Http.Action, Level=Error End ApiControllerActionInvoker InvokeActionAsync System.ArgumentException: foo
2012-08-22 19:01:14.5682|ERROR|MvcBloggy.API.Tracers.NLogTracer|GET http://localhost:32729/api/blogposts: Category=System.Web.Http.Controllers, Level=Error End BlogPostsController ExecuteAsync System.ArgumentException: foo
2012-08-22 19:01:14.5682|INFO|MvcBloggy.API.Tracers.NLogTracer|GET http://localhost:32729/api/blogposts: Category=System.Net.Http.Formatting, Level=Info Begin DefaultContentNegotiator Negotiate Type='HttpError', formatters=[JsonMediaTypeFormatterTracer, FormUrlEncodedMediaTypeFormatterTracer]
2012-08-22 19:01:14.5841|INFO|MvcBloggy.API.Tracers.NLogTracer|GET http://localhost:32729/api/blogposts: Category=System.Net.Http.Formatting, Level=Info Begin JsonMediaTypeFormatter GetPerRequestFormatterInstance Obtaining formatter of type 'JsonMediaTypeFormatter' for type='HttpError', mediaType='application/json; charset=utf-8'
2012-08-22 19:01:14.5991|INFO|MvcBloggy.API.Tracers.NLogTracer|GET http://localhost:32729/api/blogposts: Category=System.Net.Http.Formatting, Level=Info End JsonMediaTypeFormatter GetPerRequestFormatterInstance Will use same 'JsonMediaTypeFormatter' formatter
2012-08-22 19:01:14.5991|INFO|MvcBloggy.API.Tracers.NLogTracer|GET http://localhost:32729/api/blogposts: Category=System.Net.Http.Formatting, Level=Info End DefaultContentNegotiator Negotiate Selected formatter='JsonMediaTypeFormatter', content-type='application/json; charset=utf-8'
2012-08-22 19:01:14.5991|INFO|MvcBloggy.API.Tracers.NLogTracer|GET http://localhost:32729/api/blogposts: Category=System.Web.Http.Request, Level=Info End   Content-type='application/json; charset=utf-8', content-length=unknown
2012-08-22 19:01:14.5991|INFO|MvcBloggy.API.Tracers.NLogTracer|GET http://localhost:32729/api/blogposts: Category=System.Web.Http.MessageHandlers, Level=Info End RemoveServerHeaderMessageHandler SendAsync 
2012-08-22 19:01:14.6301|INFO|MvcBloggy.API.Tracers.NLogTracer|GET http://localhost:32729/api/blogposts: Category=System.Net.Http.Formatting, Level=Info Begin JsonMediaTypeFormatter WriteToStreamAsync Value='System.Web.Http.HttpError', type='HttpError', content-type='application/json; charset=utf-8'
2012-08-22 19:01:14.7032|INFO|MvcBloggy.API.Tracers.NLogTracer|GET http://localhost:32729/api/blogposts: Category=System.Net.Http.Formatting, Level=Info End JsonMediaTypeFormatter WriteToStreamAsync 
2012-08-22 19:01:14.7092|INFO|MvcBloggy.API.Tracers.NLogTracer|GET http://localhost:32729/api/blogposts: Category=System.Web.Http.Controllers, Level=Info Begin BlogPostsController Dispose 
2012-08-22 19:01:14.7092|INFO|MvcBloggy.API.Tracers.NLogTracer|GET http://localhost:32729/api/blogposts: Category=System.Web.Http.Controllers, Level=Info End BlogPostsController Dispose 
2012-08-22 19:03:19.1164|INFO|MvcBloggy.API.Tracers.NLogTracer|a4c3c8a8-2c3e-498e-88b4-5045caec2ebb|GET http://localhost:32729/api/blogposts: Category=System.Web.Http.MessageHandlers, Level=Info Begin RemoveServerHeaderMessageHandler SendAsync 
2012-08-22 19:03:19.1305|INFO|MvcBloggy.API.Tracers.NLogTracer|a4c3c8a8-2c3e-498e-88b4-5045caec2ebb|GET http://localhost:32729/api/blogposts: Category=System.Web.Http.Request, Level=Info Begin   http://localhost:32729/api/blogposts
2012-08-22 19:03:19.1305|INFO|MvcBloggy.API.Tracers.NLogTracer|a4c3c8a8-2c3e-498e-88b4-5045caec2ebb|GET http://localhost:32729/api/blogposts: Category=System.Web.Http.Controllers, Level=Info Begin DefaultHttpControllerSelector SelectController Route='controller:blogposts'
2012-08-22 19:03:19.1675|INFO|MvcBloggy.API.Tracers.NLogTracer|a4c3c8a8-2c3e-498e-88b4-5045caec2ebb|GET http://localhost:32729/api/blogposts: Category=System.Web.Http.Controllers, Level=Info End DefaultHttpControllerSelector SelectController BlogPosts
2012-08-22 19:03:19.1675|INFO|MvcBloggy.API.Tracers.NLogTracer|a4c3c8a8-2c3e-498e-88b4-5045caec2ebb|GET http://localhost:32729/api/blogposts: Category=System.Web.Http.Controllers, Level=Info Begin HttpControllerDescriptor CreateController 
2012-08-22 19:03:19.1675|INFO|MvcBloggy.API.Tracers.NLogTracer|a4c3c8a8-2c3e-498e-88b4-5045caec2ebb|GET http://localhost:32729/api/blogposts: Category=System.Web.Http.Controllers, Level=Info Begin DefaultHttpControllerActivator Create 
2012-08-22 19:03:19.2175|INFO|MvcBloggy.API.Tracers.NLogTracer|a4c3c8a8-2c3e-498e-88b4-5045caec2ebb|GET http://localhost:32729/api/blogposts: Category=System.Web.Http.Controllers, Level=Info End DefaultHttpControllerActivator Create MvcBloggy.API.Controllers.BlogPostsController
2012-08-22 19:03:19.2175|INFO|MvcBloggy.API.Tracers.NLogTracer|a4c3c8a8-2c3e-498e-88b4-5045caec2ebb|GET http://localhost:32729/api/blogposts: Category=System.Web.Http.Controllers, Level=Info End HttpControllerDescriptor CreateController MvcBloggy.API.Controllers.BlogPostsController
2012-08-22 19:03:19.2175|INFO|MvcBloggy.API.Tracers.NLogTracer|a4c3c8a8-2c3e-498e-88b4-5045caec2ebb|GET http://localhost:32729/api/blogposts: Category=System.Web.Http.Controllers, Level=Info Begin BlogPostsController ExecuteAsync 
2012-08-22 19:03:19.2245|INFO|MvcBloggy.API.Tracers.NLogTracer|a4c3c8a8-2c3e-498e-88b4-5045caec2ebb|GET http://localhost:32729/api/blogposts: Category=System.Web.Http.Action, Level=Info Begin ApiControllerActionSelector SelectAction 
2012-08-22 19:03:19.2505|INFO|MvcBloggy.API.Tracers.NLogTracer|a4c3c8a8-2c3e-498e-88b4-5045caec2ebb|GET http://localhost:32729/api/blogposts: Category=System.Web.Http.Action, Level=Info End ApiControllerActionSelector SelectAction Selected action 'GetBlogPosts()'
2012-08-22 19:03:19.2665|INFO|MvcBloggy.API.Tracers.NLogTracer|a4c3c8a8-2c3e-498e-88b4-5045caec2ebb|GET http://localhost:32729/api/blogposts: Category=System.Web.Http.ModelBinding, Level=Info Begin HttpActionBinding ExecuteBindingAsync 
2012-08-22 19:03:19.2775|INFO|MvcBloggy.API.Tracers.NLogTracer|a4c3c8a8-2c3e-498e-88b4-5045caec2ebb|GET http://localhost:32729/api/blogposts: Category=System.Web.Http.ModelBinding, Level=Info End HttpActionBinding ExecuteBindingAsync 
2012-08-22 19:03:19.2876|INFO|MvcBloggy.API.Tracers.NLogTracer|a4c3c8a8-2c3e-498e-88b4-5045caec2ebb|GET http://localhost:32729/api/blogposts: Category=System.Web.Http.Action, Level=Info Begin ApiControllerActionInvoker InvokeActionAsync Action='GetBlogPosts()'
2012-08-22 19:03:19.2876|INFO|MvcBloggy.API.Tracers.NLogTracer|a4c3c8a8-2c3e-498e-88b4-5045caec2ebb|GET http://localhost:32729/api/blogposts: Category=System.Web.Http.Action, Level=Info Begin ReflectedHttpActionDescriptor ExecuteAsync Invoking action 'GetBlogPosts()'
2012-08-22 19:03:19.3056|ERROR|MvcBloggy.API.Tracers.NLogTracer|a4c3c8a8-2c3e-498e-88b4-5045caec2ebb|GET http://localhost:32729/api/blogposts: Category=System.Web.Http.Action, Level=Error End ReflectedHttpActionDescriptor ExecuteAsync System.ArgumentException: foo
2012-08-22 19:03:19.3056|ERROR|MvcBloggy.API.Tracers.NLogTracer|a4c3c8a8-2c3e-498e-88b4-5045caec2ebb|GET http://localhost:32729/api/blogposts: Category=System.Web.Http.Action, Level=Error End ApiControllerActionInvoker InvokeActionAsync System.ArgumentException: foo
2012-08-22 19:03:19.3056|ERROR|MvcBloggy.API.Tracers.NLogTracer|a4c3c8a8-2c3e-498e-88b4-5045caec2ebb|GET http://localhost:32729/api/blogposts: Category=System.Web.Http.Controllers, Level=Error End BlogPostsController ExecuteAsync System.ArgumentException: foo
2012-08-22 19:03:19.3271|INFO|MvcBloggy.API.Tracers.NLogTracer|a4c3c8a8-2c3e-498e-88b4-5045caec2ebb|GET http://localhost:32729/api/blogposts: Category=System.Net.Http.Formatting, Level=Info Begin DefaultContentNegotiator Negotiate Type='HttpError', formatters=[JsonMediaTypeFormatterTracer, FormUrlEncodedMediaTypeFormatterTracer]
2012-08-22 19:03:19.3411|INFO|MvcBloggy.API.Tracers.NLogTracer|a4c3c8a8-2c3e-498e-88b4-5045caec2ebb|GET http://localhost:32729/api/blogposts: Category=System.Net.Http.Formatting, Level=Info Begin JsonMediaTypeFormatter GetPerRequestFormatterInstance Obtaining formatter of type 'JsonMediaTypeFormatter' for type='HttpError', mediaType='application/json; charset=utf-8'
2012-08-22 19:03:19.3411|INFO|MvcBloggy.API.Tracers.NLogTracer|a4c3c8a8-2c3e-498e-88b4-5045caec2ebb|GET http://localhost:32729/api/blogposts: Category=System.Net.Http.Formatting, Level=Info End JsonMediaTypeFormatter GetPerRequestFormatterInstance Will use same 'JsonMediaTypeFormatter' formatter
2012-08-22 19:03:19.3411|INFO|MvcBloggy.API.Tracers.NLogTracer|a4c3c8a8-2c3e-498e-88b4-5045caec2ebb|GET http://localhost:32729/api/blogposts: Category=System.Net.Http.Formatting, Level=Info End DefaultContentNegotiator Negotiate Selected formatter='JsonMediaTypeFormatter', content-type='application/json; charset=utf-8'
2012-08-22 19:03:19.3541|INFO|MvcBloggy.API.Tracers.NLogTracer|a4c3c8a8-2c3e-498e-88b4-5045caec2ebb|GET http://localhost:32729/api/blogposts: Category=System.Web.Http.Request, Level=Info End   Content-type='application/json; charset=utf-8', content-length=unknown
2012-08-22 19:03:19.3541|INFO|MvcBloggy.API.Tracers.NLogTracer|a4c3c8a8-2c3e-498e-88b4-5045caec2ebb|GET http://localhost:32729/api/blogposts: Category=System.Web.Http.MessageHandlers, Level=Info End RemoveServerHeaderMessageHandler SendAsync 
2012-08-22 19:03:19.3751|INFO|MvcBloggy.API.Tracers.NLogTracer|a4c3c8a8-2c3e-498e-88b4-5045caec2ebb|GET http://localhost:32729/api/blogposts: Category=System.Net.Http.Formatting, Level=Info Begin JsonMediaTypeFormatter WriteToStreamAsync Value='System.Web.Http.HttpError', type='HttpError', content-type='application/json; charset=utf-8'
2012-08-22 19:03:19.4482|INFO|MvcBloggy.API.Tracers.NLogTracer|a4c3c8a8-2c3e-498e-88b4-5045caec2ebb|GET http://localhost:32729/api/blogposts: Category=System.Net.Http.Formatting, Level=Info End JsonMediaTypeFormatter WriteToStreamAsync 
2012-08-22 19:03:19.4482|INFO|MvcBloggy.API.Tracers.NLogTracer|a4c3c8a8-2c3e-498e-88b4-5045caec2ebb|GET http://localhost:32729/api/blogposts: Category=System.Web.Http.Controllers, Level=Info Begin BlogPostsController Dispose 
2012-08-22 19:03:19.4482|INFO|MvcBloggy.API.Tracers.NLogTracer|a4c3c8a8-2c3e-498e-88b4-5045caec2ebb|GET http://localhost:32729/api/blogposts: Category=System.Web.Http.Controllers, Level=Info End BlogPostsController Dispose 
2012-08-22 21:13:12.0091|INFO|MvcBloggy.API.Tracers.NLogTracer|f37f015c-193a-4f77-bfb2-0cf6613fd593|GET http://localhost:32729/api/blogposts: Category=System.Web.Http.MessageHandlers, Level=Info Begin RemoveServerHeaderMessageHandler SendAsync 
2012-08-22 21:13:12.0162|INFO|MvcBloggy.API.Tracers.NLogTracer|f37f015c-193a-4f77-bfb2-0cf6613fd593|GET http://localhost:32729/api/blogposts: Category=System.Web.Http.Request, Level=Info Begin   http://localhost:32729/api/blogposts
2012-08-22 21:13:12.0312|INFO|MvcBloggy.API.Tracers.NLogTracer|f37f015c-193a-4f77-bfb2-0cf6613fd593|GET http://localhost:32729/api/blogposts: Category=System.Web.Http.Controllers, Level=Info Begin DefaultHttpControllerSelector SelectController Route='controller:blogposts'
2012-08-22 21:13:12.0623|INFO|MvcBloggy.API.Tracers.NLogTracer|f37f015c-193a-4f77-bfb2-0cf6613fd593|GET http://localhost:32729/api/blogposts: Category=System.Web.Http.Controllers, Level=Info End DefaultHttpControllerSelector SelectController BlogPosts
2012-08-22 21:13:12.0623|INFO|MvcBloggy.API.Tracers.NLogTracer|f37f015c-193a-4f77-bfb2-0cf6613fd593|GET http://localhost:32729/api/blogposts: Category=System.Web.Http.Controllers, Level=Info Begin HttpControllerDescriptor CreateController 
2012-08-22 21:13:12.0623|INFO|MvcBloggy.API.Tracers.NLogTracer|f37f015c-193a-4f77-bfb2-0cf6613fd593|GET http://localhost:32729/api/blogposts: Category=System.Web.Http.Controllers, Level=Info Begin DefaultHttpControllerActivator Create 
2012-08-22 21:13:12.1114|INFO|MvcBloggy.API.Tracers.NLogTracer|f37f015c-193a-4f77-bfb2-0cf6613fd593|GET http://localhost:32729/api/blogposts: Category=System.Web.Http.Controllers, Level=Info End DefaultHttpControllerActivator Create MvcBloggy.API.Controllers.BlogPostsController
2012-08-22 21:13:12.1114|INFO|MvcBloggy.API.Tracers.NLogTracer|f37f015c-193a-4f77-bfb2-0cf6613fd593|GET http://localhost:32729/api/blogposts: Category=System.Web.Http.Controllers, Level=Info End HttpControllerDescriptor CreateController MvcBloggy.API.Controllers.BlogPostsController
2012-08-22 21:13:12.1114|INFO|MvcBloggy.API.Tracers.NLogTracer|f37f015c-193a-4f77-bfb2-0cf6613fd593|GET http://localhost:32729/api/blogposts: Category=System.Web.Http.Controllers, Level=Info Begin BlogPostsController ExecuteAsync 
2012-08-22 21:13:12.1224|INFO|MvcBloggy.API.Tracers.NLogTracer|f37f015c-193a-4f77-bfb2-0cf6613fd593|GET http://localhost:32729/api/blogposts: Category=System.Web.Http.Action, Level=Info Begin ApiControllerActionSelector SelectAction 
2012-08-22 21:13:12.1444|INFO|MvcBloggy.API.Tracers.NLogTracer|f37f015c-193a-4f77-bfb2-0cf6613fd593|GET http://localhost:32729/api/blogposts: Category=System.Web.Http.Action, Level=Info End ApiControllerActionSelector SelectAction Selected action 'GetBlogPosts()'
2012-08-22 21:13:12.1614|INFO|MvcBloggy.API.Tracers.NLogTracer|f37f015c-193a-4f77-bfb2-0cf6613fd593|GET http://localhost:32729/api/blogposts: Category=System.Web.Http.ModelBinding, Level=Info Begin HttpActionBinding ExecuteBindingAsync 
2012-08-22 21:13:12.1714|INFO|MvcBloggy.API.Tracers.NLogTracer|f37f015c-193a-4f77-bfb2-0cf6613fd593|GET http://localhost:32729/api/blogposts: Category=System.Web.Http.ModelBinding, Level=Info End HttpActionBinding ExecuteBindingAsync 
2012-08-22 21:13:12.1714|INFO|MvcBloggy.API.Tracers.NLogTracer|f37f015c-193a-4f77-bfb2-0cf6613fd593|GET http://localhost:32729/api/blogposts: Category=System.Web.Http.Action, Level=Info Begin ApiControllerActionInvoker InvokeActionAsync Action='GetBlogPosts()'
2012-08-22 21:13:12.1864|INFO|MvcBloggy.API.Tracers.NLogTracer|f37f015c-193a-4f77-bfb2-0cf6613fd593|GET http://localhost:32729/api/blogposts: Category=System.Web.Http.Action, Level=Info Begin ReflectedHttpActionDescriptor ExecuteAsync Invoking action 'GetBlogPosts()'
2012-08-22 21:13:12.3192|INFO|MvcBloggy.API.Tracers.NLogTracer|f37f015c-193a-4f77-bfb2-0cf6613fd593|GET http://localhost:32729/api/blogposts: Category=System.Web.Http.Action, Level=Info End ReflectedHttpActionDescriptor ExecuteAsync Action returned 'System.Linq.Enumerable+WhereSelectListIterator`2[MvcBloggy.Domain.Entities.BlogPost,MvcBloggy.API.Dtos.BlogPostDto]'
2012-08-22 21:13:12.3282|INFO|MvcBloggy.API.Tracers.NLogTracer|f37f015c-193a-4f77-bfb2-0cf6613fd593|GET http://localhost:32729/api/blogposts: Category=System.Net.Http.Formatting, Level=Info Begin DefaultContentNegotiator Negotiate Type='IEnumerable`1', formatters=[JsonMediaTypeFormatterTracer, FormUrlEncodedMediaTypeFormatterTracer]
2012-08-22 21:13:12.3422|INFO|MvcBloggy.API.Tracers.NLogTracer|f37f015c-193a-4f77-bfb2-0cf6613fd593|GET http://localhost:32729/api/blogposts: Category=System.Net.Http.Formatting, Level=Info Begin JsonMediaTypeFormatter GetPerRequestFormatterInstance Obtaining formatter of type 'JsonMediaTypeFormatter' for type='IEnumerable`1', mediaType='application/json; charset=utf-8'
2012-08-22 21:13:12.3422|INFO|MvcBloggy.API.Tracers.NLogTracer|f37f015c-193a-4f77-bfb2-0cf6613fd593|GET http://localhost:32729/api/blogposts: Category=System.Net.Http.Formatting, Level=Info End JsonMediaTypeFormatter GetPerRequestFormatterInstance Will use same 'JsonMediaTypeFormatter' formatter
2012-08-22 21:13:12.3422|INFO|MvcBloggy.API.Tracers.NLogTracer|f37f015c-193a-4f77-bfb2-0cf6613fd593|GET http://localhost:32729/api/blogposts: Category=System.Net.Http.Formatting, Level=Info End DefaultContentNegotiator Negotiate Selected formatter='JsonMediaTypeFormatter', content-type='application/json; charset=utf-8'
2012-08-22 21:13:12.3422|INFO|MvcBloggy.API.Tracers.NLogTracer|f37f015c-193a-4f77-bfb2-0cf6613fd593|GET http://localhost:32729/api/blogposts: Category=System.Web.Http.Action, Level=Info End ApiControllerActionInvoker InvokeActionAsync 
2012-08-22 21:13:12.3422|INFO|MvcBloggy.API.Tracers.NLogTracer|f37f015c-193a-4f77-bfb2-0cf6613fd593|GET http://localhost:32729/api/blogposts: Category=System.Web.Http.Controllers, Level=Info End BlogPostsController ExecuteAsync 
2012-08-22 21:13:12.3572|INFO|MvcBloggy.API.Tracers.NLogTracer|f37f015c-193a-4f77-bfb2-0cf6613fd593|GET http://localhost:32729/api/blogposts: Category=System.Web.Http.Request, Level=Info End   Content-type='application/json; charset=utf-8', content-length=unknown
2012-08-22 21:13:12.3572|INFO|MvcBloggy.API.Tracers.NLogTracer|f37f015c-193a-4f77-bfb2-0cf6613fd593|GET http://localhost:32729/api/blogposts: Category=System.Web.Http.MessageHandlers, Level=Info End RemoveServerHeaderMessageHandler SendAsync 
2012-08-22 21:13:12.3792|INFO|MvcBloggy.API.Tracers.NLogTracer|f37f015c-193a-4f77-bfb2-0cf6613fd593|GET http://localhost:32729/api/blogposts: Category=System.Net.Http.Formatting, Level=Info Begin JsonMediaTypeFormatter WriteToStreamAsync Value='System.Linq.Enumerable+WhereSelectListIterator`2[MvcBloggy.Domain.Entities.BlogPost,MvcBloggy.API.Dtos.BlogPostDto]', type='IEnumerable`1', content-type='application/json; charset=utf-8'
2012-08-22 21:13:12.4763|INFO|MvcBloggy.API.Tracers.NLogTracer|f37f015c-193a-4f77-bfb2-0cf6613fd593|GET http://localhost:32729/api/blogposts: Category=System.Net.Http.Formatting, Level=Info End JsonMediaTypeFormatter WriteToStreamAsync 
2012-08-22 21:13:12.4823|INFO|MvcBloggy.API.Tracers.NLogTracer|f37f015c-193a-4f77-bfb2-0cf6613fd593|GET http://localhost:32729/api/blogposts: Category=System.Web.Http.Controllers, Level=Info Begin BlogPostsController Dispose 
2012-08-22 21:13:12.4823|INFO|MvcBloggy.API.Tracers.NLogTracer|f37f015c-193a-4f77-bfb2-0cf6613fd593|GET http://localhost:32729/api/blogposts: Category=System.Web.Http.Controllers, Level=Info End BlogPostsController Dispose 
